<?xml version="1.0" encoding="UTF-8"?>
<testng-results ignored="0" total="1" passed="1" failed="0" skipped="0">
  <reporter-output>
  </reporter-output>
  <suite started-at="2023-09-21T11:14:53 IST" name="Default suite" finished-at="2023-09-21T11:14:56 IST" duration-ms="2536">
    <groups>
    </groups>
    <test started-at="2023-09-21T11:14:53 IST" name="Default test" finished-at="2023-09-21T11:14:56 IST" duration-ms="2536">
      <class name="RestfulBooker.GetBooking">
        <test-method signature="getBooking()[pri:0, instance:RestfulBooker.GetBooking@123ef382]" started-at="2023-09-21T11:14:54 IST" name="getBooking" finished-at="2023-09-21T11:14:56 IST" duration-ms="2495" status="PASS">
          <reporter-output>
          </reporter-output>
        </test-method> <!-- getBooking -->
      </class> <!-- RestfulBooker.GetBooking -->
    </test> <!-- Default test -->
  </suite> <!-- Default suite -->
</testng-results>
